# JRE version: Java(TM) SE Runtime Environment 18.9 (11.0.12+8) (build 11.0.12+8-LTS-237)
# Java VM: Java HotSpot(TM) 64-Bit Server VM 18.9 (11.0.12+8-LTS-237, mixed mode, tiered, compressed oops, g1 gc, windows-amd64)
Heap:
 garbage-first heap   total 280576K, used 199933K [0x0000000082c00000, 0x0000000100000000)
  region size 1024K, 11 young (11264K), 2 survivors (2048K)
 Metaspace       used 117250K, capacity 120311K, committed 120476K, reserved 1157120K
  class space    used 12698K, capacity 13801K, committed 13824K, reserved 1048576K
GC Heap History (10 events):
Event: 1590.407 GC heap before
{Heap before GC invocations=218 (full 9):
 garbage-first heap   total 280576K, used 241898K [0x0000000082c00000, 0x0000000100000000)
  region size 1024K, 66 young (67584K), 7 survivors (7168K)
 Metaspace       used 116953K, capacity 120036K, committed 120220K, reserved 1155072K
  class space    used 12686K, capacity 13804K, committed 13824K, reserved 1048576K
}
Event: 1590.414 GC heap after
{Heap after GC invocations=219 (full 9):
 garbage-first heap   total 280576K, used 183578K [0x0000000082c00000, 0x0000000100000000)
  region size 1024K, 5 young (5120K), 5 survivors (5120K)
 Metaspace       used 116953K, capacity 120036K, committed 120220K, reserved 1155072K
  class space    used 12686K, capacity 13804K, committed 13824K, reserved 1048576K
}
Event: 1590.717 GC heap before
{Heap before GC invocations=220 (full 9):
 garbage-first heap   total 280576K, used 241946K [0x0000000082c00000, 0x0000000100000000)
  region size 1024K, 62 young (63488K), 5 survivors (5120K)
 Metaspace       used 117019K, capacity 120102K, committed 120220K, reserved 1155072K
  class space    used 12690K, capacity 13804K, committed 13824K, reserved 1048576K
}
Event: 1590.725 GC heap after
{Heap after GC invocations=221 (full 9):
 garbage-first heap   total 280576K, used 185938K [0x0000000082c00000, 0x0000000100000000)
  region size 1024K, 5 young (5120K), 5 survivors (5120K)
 Metaspace       used 117019K, capacity 120102K, committed 120220K, reserved 1155072K
  class space    used 12690K, capacity 13804K, committed 13824K, reserved 1048576K
}
Event: 1591.270 GC heap before
{Heap before GC invocations=221 (full 9):
 garbage-first heap   total 280576K, used 242258K [0x0000000082c00000, 0x0000000100000000)
  region size 1024K, 60 young (61440K), 5 survivors (5120K)
 Metaspace       used 117026K, capacity 120102K, committed 120220K, reserved 1155072K
  class space    used 12690K, capacity 13804K, committed 13824K, reserved 1048576K
}
Event: 1591.277 GC heap after
{Heap after GC invocations=222 (full 9):
 garbage-first heap   total 280576K, used 187693K [0x0000000082c00000, 0x0000000100000000)
  region size 1024K, 7 young (7168K), 7 survivors (7168K)
 Metaspace       used 117026K, capacity 120102K, committed 120220K, reserved 1155072K
  class space    used 12690K, capacity 13804K, committed 13824K, reserved 1048576K
}
Event: 1596.485 GC heap before
{Heap before GC invocations=223 (full 9):
 garbage-first heap   total 280576K, used 241965K [0x0000000082c00000, 0x0000000100000000)
  region size 1024K, 60 young (61440K), 7 survivors (7168K)
 Metaspace       used 117124K, capacity 120206K, committed 120476K, reserved 1157120K
  class space    used 12692K, capacity 13800K, committed 13824K, reserved 1048576K
}
Event: 1596.494 GC heap after
{Heap after GC invocations=224 (full 9):
 garbage-first heap   total 280576K, used 190776K [0x0000000082c00000, 0x0000000100000000)
  region size 1024K, 8 young (8192K), 8 survivors (8192K)
 Metaspace       used 117124K, capacity 120206K, committed 120476K, reserved 1157120K
  class space    used 12692K, capacity 13800K, committed 13824K, reserved 1048576K
}
Event: 1632.902 GC heap before
{Heap before GC invocations=224 (full 9):
 garbage-first heap   total 280576K, used 240952K [0x0000000082c00000, 0x0000000100000000)
  region size 1024K, 57 young (58368K), 8 survivors (8192K)
 Metaspace       used 117251K, capacity 120307K, committed 120476K, reserved 1157120K
  class space    used 12698K, capacity 13811K, committed 13824K, reserved 1048576K
}
Event: 1632.914 GC heap after
{Heap after GC invocations=225 (full 9):
 garbage-first heap   total 280576K, used 191741K [0x0000000082c00000, 0x0000000100000000)
  region size 1024K, 2 young (2048K), 2 survivors (2048K)
 Metaspace       used 117251K, capacity 120307K, committed 120476K, reserved 1157120K
  class space    used 12698K, capacity 13811K, committed 13824K, reserved 1048576K
}

